<?xml version="1.0" encoding="UTF-8"?>
<!-- Generated by org.testng.reporters.JUnitXMLReporter -->
<testsuite hostname="LAPTOP-MCL9OSKJ" ignored="0" name="testExamples" tests="3" failures="0" timestamp="2020-06-03T16:15:43 MSK" time="6.687" errors="0">
  <testcase name="loginTest" time="6.242" classname="TestPackage.testLoginPage"/>
  <testcase name="closePopup" time="0.102" classname="TestPackage.testLoginPage"/>
  <testcase name="checkProfile" time="0.057" classname="TestPackage.testLoginPage"/>
</testsuite> <!-- testExamples -->
