<?xml version="1.0" encoding="UTF-8"?>
<testng-results skipped="0" failed="0" ignored="0" total="3" passed="3">
  <reporter-output>
  </reporter-output>
  <suite name="Suite1" duration-ms="6687" started-at="2020-06-03T16:15:36 MSK" finished-at="2020-06-03T16:15:43 MSK">
    <groups>
    </groups>
    <test name="testExamples" duration-ms="6687" started-at="2020-06-03T16:15:36 MSK" finished-at="2020-06-03T16:15:43 MSK">
      <class name="TestPackage.testLoginPage">
        <test-method status="PASS" signature="setup()[pri:0, instance:TestPackage.testLoginPage@6c6c5427]" name="setup" is-config="true" duration-ms="8948" started-at="2020-06-03T16:15:27 MSK" finished-at="2020-06-03T16:15:36 MSK">
          <reporter-output>
          </reporter-output>
        </test-method> <!-- setup -->
        <test-method status="PASS" signature="loginTest()[pri:1, instance:TestPackage.testLoginPage@6c6c5427]" name="loginTest" duration-ms="6242" started-at="2020-06-03T16:15:36 MSK" finished-at="2020-06-03T16:15:42 MSK">
          <reporter-output>
          </reporter-output>
        </test-method> <!-- loginTest -->
        <test-method status="PASS" signature="closePopup()[pri:2, instance:TestPackage.testLoginPage@6c6c5427]" name="closePopup" duration-ms="102" started-at="2020-06-03T16:15:43 MSK" finished-at="2020-06-03T16:15:43 MSK">
          <reporter-output>
          </reporter-output>
        </test-method> <!-- closePopup -->
        <test-method status="PASS" signature="checkProfile()[pri:3, instance:TestPackage.testLoginPage@6c6c5427]" name="checkProfile" duration-ms="57" started-at="2020-06-03T16:15:43 MSK" finished-at="2020-06-03T16:15:43 MSK">
          <reporter-output>
          </reporter-output>
        </test-method> <!-- checkProfile -->
      </class> <!-- TestPackage.testLoginPage -->
    </test> <!-- testExamples -->
  </suite> <!-- Suite1 -->
</testng-results>
